{"D:\\Workspace\\WebOnClass\\vifin-be\\functions\\__test__\\data\\walletData.js": {"path":"D:\\Workspace\\WebOnClass\\vifin-be\\functions\\__test__\\data\\walletData.js","statementMap":{"0":{"start":{"line":1,"column":18},"end":{"line":1,"column":54}},"1":{"start":{"line":2,"column":19},"end":{"line":2,"column":33}},"2":{"start":{"line":4,"column":24},"end":{"line":10,"column":1}},"3":{"start":{"line":12,"column":30},"end":{"line":106,"column":1}},"4":{"start":{"line":126,"column":0},"end":{"line":126,"column":43}}},"fnMap":{},"branchMap":{},"s":{"0":1,"1":1,"2":1,"3":1,"4":1},"f":{},"b":{},"inputSourceMap":null,"_coverageSchema":"1a1c01bbd47fc00a2c39e90264f33305004495a9","hash":"ca23e357612c79be94108c1a06b753d6e920a2b7"}
,"D:\\Workspace\\WebOnClass\\vifin-be\\functions\\src\\configs\\firebase.config.js": {"path":"D:\\Workspace\\WebOnClass\\vifin-be\\functions\\src\\configs\\firebase.config.js","statementMap":{"0":{"start":{"line":1,"column":32},"end":{"line":1,"column":61}},"1":{"start":{"line":2,"column":14},"end":{"line":2,"column":39}},"2":{"start":{"line":3,"column":36},"end":{"line":3,"column":71}},"3":{"start":{"line":4,"column":23},"end":{"line":4,"column":56}},"4":{"start":{"line":5,"column":13},"end":{"line":5,"column":28}},"5":{"start":{"line":6,"column":15},"end":{"line":6,"column":32}},"6":{"start":{"line":7,"column":11},"end":{"line":7,"column":24}},"7":{"start":{"line":9,"column":0},"end":{"line":9,"column":16}},"8":{"start":{"line":10,"column":27},"end":{"line":13,"column":1}},"9":{"start":{"line":14,"column":0},"end":{"line":18,"column":1}},"10":{"start":{"line":15,"column":2},"end":{"line":17,"column":4}},"11":{"start":{"line":19,"column":23},"end":{"line":19,"column":79}},"12":{"start":{"line":20,"column":0},"end":{"line":24,"column":3}},"13":{"start":{"line":25,"column":11},"end":{"line":25,"column":25}},"14":{"start":{"line":26,"column":15},"end":{"line":26,"column":36}},"15":{"start":{"line":27,"column":0},"end":{"line":27,"column":50}}},"fnMap":{},"branchMap":{"0":{"loc":{"start":{"line":14,"column":0},"end":{"line":18,"column":1}},"type":"if","locations":[{"start":{"line":14,"column":0},"end":{"line":18,"column":1}},{"start":{},"end":{}}],"line":14}},"s":{"0":1,"1":1,"2":1,"3":1,"4":1,"5":1,"6":1,"7":1,"8":1,"9":1,"10":0,"11":1,"12":1,"13":1,"14":1,"15":1},"f":{},"b":{"0":[0,1]},"inputSourceMap":null,"_coverageSchema":"1a1c01bbd47fc00a2c39e90264f33305004495a9","hash":"600ca2ab193e9664817bb22c8071973f4fab0893"}
,"D:\\Workspace\\WebOnClass\\vifin-be\\functions\\src\\middlewares\\error.handler.js": {"path":"D:\\Workspace\\WebOnClass\\vifin-be\\functions\\src\\middlewares\\error.handler.js","statementMap":{"0":{"start":{"line":3,"column":4},"end":{"line":3,"column":19}},"1":{"start":{"line":4,"column":4},"end":{"line":4,"column":27}},"2":{"start":{"line":5,"column":4},"end":{"line":5,"column":33}},"3":{"start":{"line":8,"column":0},"end":{"line":8,"column":30}}},"fnMap":{"0":{"name":"(anonymous_0)","decl":{"start":{"line":2,"column":2},"end":{"line":2,"column":3}},"loc":{"start":{"line":2,"column":35},"end":{"line":6,"column":3}},"line":2}},"branchMap":{},"s":{"0":0,"1":0,"2":0,"3":1},"f":{"0":0},"b":{},"inputSourceMap":null,"_coverageSchema":"1a1c01bbd47fc00a2c39e90264f33305004495a9","hash":"1b73cd02a6bdba82d9b44fbd8b5d81c3959a9281"}
,"D:\\Workspace\\WebOnClass\\vifin-be\\functions\\src\\services\\wallet.service.js": {"path":"D:\\Workspace\\WebOnClass\\vifin-be\\functions\\src\\services\\wallet.service.js","statementMap":{"0":{"start":{"line":1,"column":15},"end":{"line":1,"column":52}},"1":{"start":{"line":2,"column":21},"end":{"line":2,"column":60}},"2":{"start":{"line":3,"column":51},"end":{"line":3,"column":77}},"3":{"start":{"line":4,"column":30},"end":{"line":4,"column":76}},"4":{"start":{"line":7,"column":22},"end":{"line":14,"column":3}},"5":{"start":{"line":8,"column":23},"end":{"line":8,"column":25}},"6":{"start":{"line":9,"column":22},"end":{"line":9,"column":58}},"7":{"start":{"line":10,"column":4},"end":{"line":12,"column":6}},"8":{"start":{"line":11,"column":6},"end":{"line":11,"column":61}},"9":{"start":{"line":13,"column":4},"end":{"line":13,"column":22}},"10":{"start":{"line":15,"column":21},"end":{"line":21,"column":3}},"11":{"start":{"line":16,"column":22},"end":{"line":16,"column":66}},"12":{"start":{"line":17,"column":4},"end":{"line":19,"column":5}},"13":{"start":{"line":18,"column":6},"end":{"line":18,"column":54}},"14":{"start":{"line":20,"column":4},"end":{"line":20,"column":28}},"15":{"start":{"line":23,"column":24},"end":{"line":57,"column":3}},"16":{"start":{"line":31,"column":29},"end":{"line":34,"column":5}},"17":{"start":{"line":36,"column":4},"end":{"line":38,"column":5}},"18":{"start":{"line":37,"column":6},"end":{"line":37,"column":72}},"19":{"start":{"line":37,"column":47},"end":{"line":37,"column":58}},"20":{"start":{"line":40,"column":19},"end":{"line":40,"column":23}},"21":{"start":{"line":41,"column":4},"end":{"line":43,"column":5}},"22":{"start":{"line":42,"column":6},"end":{"line":42,"column":46}},"23":{"start":{"line":45,"column":22},"end":{"line":45,"column":52}},"24":{"start":{"line":46,"column":23},"end":{"line":54,"column":5}},"25":{"start":{"line":55,"column":4},"end":{"line":55,"column":36}},"26":{"start":{"line":56,"column":4},"end":{"line":56,"column":48}},"27":{"start":{"line":59,"column":24},"end":{"line":85,"column":3}},"28":{"start":{"line":60,"column":22},"end":{"line":60,"column":54}},"29":{"start":{"line":61,"column":23},"end":{"line":61,"column":47}},"30":{"start":{"line":62,"column":4},"end":{"line":64,"column":5}},"31":{"start":{"line":63,"column":6},"end":{"line":63,"column":54}},"32":{"start":{"line":65,"column":19},"end":{"line":65,"column":36}},"33":{"start":{"line":66,"column":4},"end":{"line":71,"column":5}},"34":{"start":{"line":67,"column":6},"end":{"line":67,"column":51}},"35":{"start":{"line":68,"column":6},"end":{"line":70,"column":7}},"36":{"start":{"line":69,"column":8},"end":{"line":69,"column":56}},"37":{"start":{"line":72,"column":51},"end":{"line":72,"column":55}},"38":{"start":{"line":73,"column":23},"end":{"line":79,"column":5}},"39":{"start":{"line":81,"column":4},"end":{"line":81,"column":39}},"40":{"start":{"line":82,"column":26},"end":{"line":82,"column":50}},"41":{"start":{"line":84,"column":4},"end":{"line":84,"column":41}},"42":{"start":{"line":87,"column":24},"end":{"line":117,"column":3}},"43":{"start":{"line":88,"column":22},"end":{"line":88,"column":54}},"44":{"start":{"line":89,"column":23},"end":{"line":89,"column":47}},"45":{"start":{"line":90,"column":4},"end":{"line":92,"column":5}},"46":{"start":{"line":91,"column":6},"end":{"line":91,"column":54}},"47":{"start":{"line":93,"column":4},"end":{"line":93,"column":29}},"48":{"start":{"line":94,"column":23},"end":{"line":97,"column":12}},"49":{"start":{"line":99,"column":4},"end":{"line":103,"column":6}},"50":{"start":{"line":101,"column":8},"end":{"line":101,"column":53}},"51":{"start":{"line":105,"column":28},"end":{"line":108,"column":12}},"52":{"start":{"line":110,"column":4},"end":{"line":114,"column":6}},"53":{"start":{"line":112,"column":8},"end":{"line":112,"column":58}},"54":{"start":{"line":116,"column":4},"end":{"line":116,"column":22}},"55":{"start":{"line":120,"column":0},"end":{"line":120,"column":31}}},"fnMap":{"0":{"name":"(anonymous_0)","decl":{"start":{"line":7,"column":22},"end":{"line":7,"column":23}},"loc":{"start":{"line":7,"column":34},"end":{"line":14,"column":3}},"line":7},"1":{"name":"(anonymous_1)","decl":{"start":{"line":10,"column":22},"end":{"line":10,"column":23}},"loc":{"start":{"line":11,"column":6},"end":{"line":11,"column":61}},"line":11},"2":{"name":"(anonymous_2)","decl":{"start":{"line":15,"column":21},"end":{"line":15,"column":22}},"loc":{"start":{"line":15,"column":35},"end":{"line":21,"column":3}},"line":15},"3":{"name":"(anonymous_3)","decl":{"start":{"line":23,"column":24},"end":{"line":23,"column":25}},"loc":{"start":{"line":29,"column":8},"end":{"line":57,"column":3}},"line":29},"4":{"name":"(anonymous_4)","decl":{"start":{"line":37,"column":40},"end":{"line":37,"column":41}},"loc":{"start":{"line":37,"column":47},"end":{"line":37,"column":58}},"line":37},"5":{"name":"(anonymous_5)","decl":{"start":{"line":59,"column":24},"end":{"line":59,"column":25}},"loc":{"start":{"line":59,"column":44},"end":{"line":85,"column":3}},"line":59},"6":{"name":"(anonymous_6)","decl":{"start":{"line":87,"column":24},"end":{"line":87,"column":25}},"loc":{"start":{"line":87,"column":38},"end":{"line":117,"column":3}},"line":87},"7":{"name":"(anonymous_7)","decl":{"start":{"line":100,"column":26},"end":{"line":100,"column":27}},"loc":{"start":{"line":101,"column":8},"end":{"line":101,"column":53}},"line":101},"8":{"name":"(anonymous_8)","decl":{"start":{"line":111,"column":31},"end":{"line":111,"column":32}},"loc":{"start":{"line":112,"column":8},"end":{"line":112,"column":58}},"line":112}},"branchMap":{"0":{"loc":{"start":{"line":17,"column":4},"end":{"line":19,"column":5}},"type":"if","locations":[{"start":{"line":17,"column":4},"end":{"line":19,"column":5}},{"start":{},"end":{}}],"line":17},"1":{"loc":{"start":{"line":27,"column":4},"end":{"line":27,"column":25}},"type":"default-arg","locations":[{"start":{"line":27,"column":20},"end":{"line":27,"column":25}}],"line":27},"2":{"loc":{"start":{"line":36,"column":4},"end":{"line":38,"column":5}},"type":"if","locations":[{"start":{"line":36,"column":4},"end":{"line":38,"column":5}},{"start":{},"end":{}}],"line":36},"3":{"loc":{"start":{"line":41,"column":4},"end":{"line":43,"column":5}},"type":"if","locations":[{"start":{"line":41,"column":4},"end":{"line":43,"column":5}},{"start":{},"end":{}}],"line":41},"4":{"loc":{"start":{"line":48,"column":19},"end":{"line":48,"column":38}},"type":"binary-expr","locations":[{"start":{"line":48,"column":19},"end":{"line":48,"column":30}},{"start":{"line":48,"column":34},"end":{"line":48,"column":38}}],"line":48},"5":{"loc":{"start":{"line":51,"column":14},"end":{"line":51,"column":25}},"type":"binary-expr","locations":[{"start":{"line":51,"column":14},"end":{"line":51,"column":20}},{"start":{"line":51,"column":24},"end":{"line":51,"column":25}}],"line":51},"6":{"loc":{"start":{"line":62,"column":4},"end":{"line":64,"column":5}},"type":"if","locations":[{"start":{"line":62,"column":4},"end":{"line":64,"column":5}},{"start":{},"end":{}}],"line":62},"7":{"loc":{"start":{"line":66,"column":4},"end":{"line":71,"column":5}},"type":"if","locations":[{"start":{"line":66,"column":4},"end":{"line":71,"column":5}},{"start":{},"end":{}}],"line":66},"8":{"loc":{"start":{"line":68,"column":6},"end":{"line":70,"column":7}},"type":"if","locations":[{"start":{"line":68,"column":6},"end":{"line":70,"column":7}},{"start":{},"end":{}}],"line":68},"9":{"loc":{"start":{"line":74,"column":10},"end":{"line":74,"column":40}},"type":"binary-expr","locations":[{"start":{"line":74,"column":10},"end":{"line":74,"column":21}},{"start":{"line":74,"column":25},"end":{"line":74,"column":40}}],"line":74},"10":{"loc":{"start":{"line":75,"column":10},"end":{"line":75,"column":44}},"type":"binary-expr","locations":[{"start":{"line":75,"column":10},"end":{"line":75,"column":23}},{"start":{"line":75,"column":27},"end":{"line":75,"column":44}}],"line":75},"11":{"loc":{"start":{"line":76,"column":10},"end":{"line":76,"column":44}},"type":"binary-expr","locations":[{"start":{"line":76,"column":10},"end":{"line":76,"column":30}},{"start":{"line":76,"column":34},"end":{"line":76,"column":44}}],"line":76},"12":{"loc":{"start":{"line":90,"column":4},"end":{"line":92,"column":5}},"type":"if","locations":[{"start":{"line":90,"column":4},"end":{"line":92,"column":5}},{"start":{},"end":{}}],"line":90}},"s":{"0":1,"1":1,"2":1,"3":1,"4":1,"5":0,"6":0,"7":0,"8":0,"9":0,"10":1,"11":0,"12":0,"13":0,"14":0,"15":1,"16":18,"17":18,"18":11,"19":11,"20":7,"21":7,"22":6,"23":7,"24":7,"25":7,"26":7,"27":1,"28":0,"29":0,"30":0,"31":0,"32":0,"33":0,"34":0,"35":0,"36":0,"37":0,"38":0,"39":0,"40":0,"41":0,"42":1,"43":0,"44":0,"45":0,"46":0,"47":0,"48":0,"49":0,"50":0,"51":0,"52":0,"53":0,"54":0,"55":1},"f":{"0":0,"1":0,"2":0,"3":18,"4":11,"5":0,"6":0,"7":0,"8":0},"b":{"0":[0,0],"1":[0],"2":[11,7],"3":[6,1],"4":[7,0],"5":[7,0],"6":[0,0],"7":[0,0],"8":[0,0],"9":[0,0],"10":[0,0],"11":[0,0],"12":[0,0]},"inputSourceMap":null,"_coverageSchema":"1a1c01bbd47fc00a2c39e90264f33305004495a9","hash":"a8e185cc025391d5a55be81f7a25df415c1acacd"}
,"D:\\Workspace\\WebOnClass\\vifin-be\\functions\\src\\utils\\upload.js": {"path":"D:\\Workspace\\WebOnClass\\vifin-be\\functions\\src\\utils\\upload.js","statementMap":{"0":{"start":{"line":1,"column":13},"end":{"line":1,"column":28}},"1":{"start":{"line":2,"column":19},"end":{"line":2,"column":34}},"2":{"start":{"line":3,"column":19},"end":{"line":3,"column":56}},"3":{"start":{"line":4,"column":21},"end":{"line":4,"column":60}},"4":{"start":{"line":6,"column":20},"end":{"line":27,"column":1}},"5":{"start":{"line":7,"column":2},"end":{"line":9,"column":3}},"6":{"start":{"line":8,"column":4},"end":{"line":8,"column":18}},"7":{"start":{"line":10,"column":20},"end":{"line":10,"column":32}},"8":{"start":{"line":11,"column":20},"end":{"line":11,"column":38}},"9":{"start":{"line":12,"column":22},"end":{"line":12,"column":37}},"10":{"start":{"line":14,"column":2},"end":{"line":18,"column":3}},"11":{"start":{"line":15,"column":4},"end":{"line":17,"column":6}},"12":{"start":{"line":20,"column":18},"end":{"line":20,"column":68}},"13":{"start":{"line":22,"column":2},"end":{"line":24,"column":3}},"14":{"start":{"line":23,"column":4},"end":{"line":23,"column":69}},"15":{"start":{"line":26,"column":2},"end":{"line":26,"column":9}},"16":{"start":{"line":29,"column":23},"end":{"line":52,"column":1}},"17":{"start":{"line":30,"column":19},"end":{"line":30,"column":66}},"18":{"start":{"line":31,"column":15},"end":{"line":31,"column":36}},"19":{"start":{"line":33,"column":2},"end":{"line":51,"column":5}},"20":{"start":{"line":34,"column":23},"end":{"line":39,"column":6}},"21":{"start":{"line":41,"column":4},"end":{"line":41,"column":49}},"22":{"start":{"line":41,"column":36},"end":{"line":41,"column":47}},"23":{"start":{"line":43,"column":4},"end":{"line":48,"column":7}},"24":{"start":{"line":44,"column":24},"end":{"line":46,"column":7}},"25":{"start":{"line":47,"column":6},"end":{"line":47,"column":25}},"26":{"start":{"line":50,"column":4},"end":{"line":50,"column":37}},"27":{"start":{"line":54,"column":31},"end":{"line":73,"column":1}},"28":{"start":{"line":55,"column":2},"end":{"line":72,"column":3}},"29":{"start":{"line":56,"column":20},"end":{"line":56,"column":68}},"30":{"start":{"line":57,"column":23},"end":{"line":57,"column":48}},"31":{"start":{"line":58,"column":21},"end":{"line":60,"column":12}},"32":{"start":{"line":62,"column":4},"end":{"line":64,"column":5}},"33":{"start":{"line":63,"column":6},"end":{"line":63,"column":55}},"34":{"start":{"line":66,"column":4},"end":{"line":66,"column":41}},"35":{"start":{"line":68,"column":4},"end":{"line":70,"column":5}},"36":{"start":{"line":69,"column":6},"end":{"line":69,"column":53}},"37":{"start":{"line":71,"column":4},"end":{"line":71,"column":47}},"38":{"start":{"line":75,"column":0},"end":{"line":79,"column":2}}},"fnMap":{"0":{"name":"(anonymous_0)","decl":{"start":{"line":6,"column":20},"end":{"line":6,"column":21}},"loc":{"start":{"line":6,"column":41},"end":{"line":27,"column":1}},"line":6},"1":{"name":"(anonymous_1)","decl":{"start":{"line":29,"column":23},"end":{"line":29,"column":24}},"loc":{"start":{"line":29,"column":44},"end":{"line":52,"column":1}},"line":29},"2":{"name":"(anonymous_2)","decl":{"start":{"line":33,"column":21},"end":{"line":33,"column":22}},"loc":{"start":{"line":33,"column":42},"end":{"line":51,"column":3}},"line":33},"3":{"name":"(anonymous_3)","decl":{"start":{"line":41,"column":27},"end":{"line":41,"column":28}},"loc":{"start":{"line":41,"column":36},"end":{"line":41,"column":47}},"line":41},"4":{"name":"(anonymous_4)","decl":{"start":{"line":43,"column":28},"end":{"line":43,"column":29}},"loc":{"start":{"line":43,"column":34},"end":{"line":48,"column":5}},"line":43},"5":{"name":"(anonymous_5)","decl":{"start":{"line":54,"column":31},"end":{"line":54,"column":32}},"loc":{"start":{"line":54,"column":51},"end":{"line":73,"column":1}},"line":54}},"branchMap":{"0":{"loc":{"start":{"line":7,"column":2},"end":{"line":9,"column":3}},"type":"if","locations":[{"start":{"line":7,"column":2},"end":{"line":9,"column":3}},{"start":{},"end":{}}],"line":7},"1":{"loc":{"start":{"line":7,"column":6},"end":{"line":7,"column":42}},"type":"binary-expr","locations":[{"start":{"line":7,"column":6},"end":{"line":7,"column":16}},{"start":{"line":7,"column":20},"end":{"line":7,"column":42}}],"line":7},"2":{"loc":{"start":{"line":14,"column":2},"end":{"line":18,"column":3}},"type":"if","locations":[{"start":{"line":14,"column":2},"end":{"line":18,"column":3}},{"start":{},"end":{}}],"line":14},"3":{"loc":{"start":{"line":22,"column":2},"end":{"line":24,"column":3}},"type":"if","locations":[{"start":{"line":22,"column":2},"end":{"line":24,"column":3}},{"start":{},"end":{}}],"line":22},"4":{"loc":{"start":{"line":22,"column":6},"end":{"line":22,"column":69}},"type":"binary-expr","locations":[{"start":{"line":22,"column":6},"end":{"line":22,"column":30}},{"start":{"line":22,"column":34},"end":{"line":22,"column":69}}],"line":22},"5":{"loc":{"start":{"line":58,"column":21},"end":{"line":60,"column":12}},"type":"cond-expr","locations":[{"start":{"line":59,"column":8},"end":{"line":59,"column":40}},{"start":{"line":60,"column":8},"end":{"line":60,"column":12}}],"line":58},"6":{"loc":{"start":{"line":62,"column":4},"end":{"line":64,"column":5}},"type":"if","locations":[{"start":{"line":62,"column":4},"end":{"line":64,"column":5}},{"start":{},"end":{}}],"line":62},"7":{"loc":{"start":{"line":68,"column":4},"end":{"line":70,"column":5}},"type":"if","locations":[{"start":{"line":68,"column":4},"end":{"line":70,"column":5}},{"start":{},"end":{}}],"line":68}},"s":{"0":1,"1":1,"2":1,"3":1,"4":1,"5":0,"6":0,"7":0,"8":0,"9":0,"10":0,"11":0,"12":0,"13":0,"14":0,"15":0,"16":1,"17":6,"18":6,"19":6,"20":6,"21":6,"22":0,"23":6,"24":6,"25":6,"26":6,"27":1,"28":0,"29":0,"30":0,"31":0,"32":0,"33":0,"34":0,"35":0,"36":0,"37":0,"38":1},"f":{"0":0,"1":6,"2":6,"3":0,"4":6,"5":0},"b":{"0":[0,0],"1":[0,0],"2":[0,0],"3":[0,0],"4":[0,0],"5":[0,0],"6":[0,0],"7":[0,0]},"inputSourceMap":null,"_coverageSchema":"1a1c01bbd47fc00a2c39e90264f33305004495a9","hash":"ffce18519315050bd5652521e38844dd8e532492"}
,"D:\\Workspace\\WebOnClass\\vifin-be\\functions\\src\\validations\\wallet.schema.js": {"path":"D:\\Workspace\\WebOnClass\\vifin-be\\functions\\src\\validations\\wallet.schema.js","statementMap":{"0":{"start":{"line":1,"column":12},"end":{"line":1,"column":26}},"1":{"start":{"line":3,"column":27},"end":{"line":29,"column":16}},"2":{"start":{"line":22,"column":4},"end":{"line":24,"column":5}},"3":{"start":{"line":23,"column":6},"end":{"line":23,"column":41}},"4":{"start":{"line":25,"column":4},"end":{"line":25,"column":17}},"5":{"start":{"line":31,"column":27},"end":{"line":37,"column":16}},"6":{"start":{"line":39,"column":0},"end":{"line":39,"column":59}}},"fnMap":{"0":{"name":"(anonymous_0)","decl":{"start":{"line":21,"column":57},"end":{"line":21,"column":58}},"loc":{"start":{"line":21,"column":77},"end":{"line":26,"column":3}},"line":21}},"branchMap":{"0":{"loc":{"start":{"line":22,"column":4},"end":{"line":24,"column":5}},"type":"if","locations":[{"start":{"line":22,"column":4},"end":{"line":24,"column":5}},{"start":{},"end":{}}],"line":22},"1":{"loc":{"start":{"line":22,"column":8},"end":{"line":22,"column":67}},"type":"binary-expr","locations":[{"start":{"line":22,"column":8},"end":{"line":22,"column":13}},{"start":{"line":22,"column":17},"end":{"line":22,"column":67}}],"line":22}},"s":{"0":1,"1":1,"2":17,"3":2,"4":15,"5":1,"6":1},"f":{"0":17},"b":{"0":[2,15],"1":[17,17]},"inputSourceMap":null,"_coverageSchema":"1a1c01bbd47fc00a2c39e90264f33305004495a9","hash":"5e6fcc14a124de217ec982df4d05d8a06189112f"}
}
