TN:
SF:functions\__test__\data\walletData.js
FNF:0
FNH:0
DA:1,1
DA:2,1
DA:4,1
DA:12,1
DA:126,1
LF:5
LH:5
BRF:0
BRH:0
end_of_record
TN:
SF:functions\src\configs\firebase.config.js
FNF:0
FNH:0
DA:1,1
DA:2,1
DA:3,1
DA:4,1
DA:5,1
DA:6,1
DA:7,1
DA:9,1
DA:10,1
DA:14,1
DA:15,0
DA:19,1
DA:20,1
DA:25,1
DA:26,1
DA:27,1
LF:16
LH:15
BRDA:14,0,0,0
BRDA:14,0,1,1
BRF:2
BRH:1
end_of_record
TN:
SF:functions\src\middlewares\error.handler.js
FN:2,(anonymous_0)
FNF:1
FNH:0
FNDA:0,(anonymous_0)
DA:3,0
DA:4,0
DA:5,0
DA:8,1
LF:4
LH:1
BRF:0
BRH:0
end_of_record
TN:
SF:functions\src\services\wallet.service.js
FN:7,(anonymous_0)
FN:10,(anonymous_1)
FN:15,(anonymous_2)
FN:23,(anonymous_3)
FN:37,(anonymous_4)
FN:59,(anonymous_5)
FN:87,(anonymous_6)
FN:100,(anonymous_7)
FN:111,(anonymous_8)
FNF:9
FNH:2
FNDA:0,(anonymous_0)
FNDA:0,(anonymous_1)
FNDA:0,(anonymous_2)
FNDA:18,(anonymous_3)
FNDA:11,(anonymous_4)
FNDA:0,(anonymous_5)
FNDA:0,(anonymous_6)
FNDA:0,(anonymous_7)
FNDA:0,(anonymous_8)
DA:1,1
DA:2,1
DA:3,1
DA:4,1
DA:7,1
DA:8,0
DA:9,0
DA:10,0
DA:11,0
DA:13,0
DA:15,1
DA:16,0
DA:17,0
DA:18,0
DA:20,0
DA:23,1
DA:31,18
DA:36,18
DA:37,11
DA:40,7
DA:41,7
DA:42,6
DA:45,7
DA:46,7
DA:55,7
DA:56,7
DA:59,1
DA:60,0
DA:61,0
DA:62,0
DA:63,0
DA:65,0
DA:66,0
DA:67,0
DA:68,0
DA:69,0
DA:72,0
DA:73,0
DA:81,0
DA:82,0
DA:84,0
DA:87,1
DA:88,0
DA:89,0
DA:90,0
DA:91,0
DA:93,0
DA:94,0
DA:99,0
DA:101,0
DA:105,0
DA:110,0
DA:112,0
DA:116,0
DA:120,1
LF:55
LH:20
BRDA:17,0,0,0
BRDA:17,0,1,0
BRDA:27,1,0,0
BRDA:36,2,0,11
BRDA:36,2,1,7
BRDA:41,3,0,6
BRDA:41,3,1,1
BRDA:48,4,0,7
BRDA:48,4,1,0
BRDA:51,5,0,7
BRDA:51,5,1,0
BRDA:62,6,0,0
BRDA:62,6,1,0
BRDA:66,7,0,0
BRDA:66,7,1,0
BRDA:68,8,0,0
BRDA:68,8,1,0
BRDA:74,9,0,0
BRDA:74,9,1,0
BRDA:75,10,0,0
BRDA:75,10,1,0
BRDA:76,11,0,0
BRDA:76,11,1,0
BRDA:90,12,0,0
BRDA:90,12,1,0
BRF:25
BRH:6
end_of_record
TN:
SF:functions\src\utils\upload.js
FN:6,(anonymous_0)
FN:29,(anonymous_1)
FN:33,(anonymous_2)
FN:41,(anonymous_3)
FN:43,(anonymous_4)
FN:54,(anonymous_5)
FNF:6
FNH:3
FNDA:0,(anonymous_0)
FNDA:6,(anonymous_1)
FNDA:6,(anonymous_2)
FNDA:0,(anonymous_3)
FNDA:6,(anonymous_4)
FNDA:0,(anonymous_5)
DA:1,1
DA:2,1
DA:3,1
DA:4,1
DA:6,1
DA:7,0
DA:8,0
DA:10,0
DA:11,0
DA:12,0
DA:14,0
DA:15,0
DA:20,0
DA:22,0
DA:23,0
DA:26,0
DA:29,1
DA:30,6
DA:31,6
DA:33,6
DA:34,6
DA:41,6
DA:43,6
DA:44,6
DA:47,6
DA:50,6
DA:54,1
DA:55,0
DA:56,0
DA:57,0
DA:58,0
DA:62,0
DA:63,0
DA:66,0
DA:68,0
DA:69,0
DA:71,0
DA:75,1
LF:38
LH:17
BRDA:7,0,0,0
BRDA:7,0,1,0
BRDA:7,1,0,0
BRDA:7,1,1,0
BRDA:14,2,0,0
BRDA:14,2,1,0
BRDA:22,3,0,0
BRDA:22,3,1,0
BRDA:22,4,0,0
BRDA:22,4,1,0
BRDA:58,5,0,0
BRDA:58,5,1,0
BRDA:62,6,0,0
BRDA:62,6,1,0
BRDA:68,7,0,0
BRDA:68,7,1,0
BRF:16
BRH:0
end_of_record
TN:
SF:functions\src\validations\wallet.schema.js
FN:21,(anonymous_0)
FNF:1
FNH:1
FNDA:17,(anonymous_0)
DA:1,1
DA:3,1
DA:22,17
DA:23,2
DA:25,15
DA:31,1
DA:39,1
LF:7
LH:7
BRDA:22,0,0,2
BRDA:22,0,1,15
BRDA:22,1,0,17
BRDA:22,1,1,17
BRF:4
BRH:4
end_of_record
